GROUP,PACKAGE,CLASS,INSTRUCTION_MISSED,INSTRUCTION_COVERED,BRANCH_MISSED,BRANCH_COVERED,LINE_MISSED,LINE_COVERED,COMPLEXITY_MISSED,COMPLEXITY_COVERED,METHOD_MISSED,METHOD_COVERED
pokedex-api,com.example.crypto,CryptoCollector,17,157,2,8,8,44,2,7,0,4
pokedex-api,com.example.crypto,CryptoCollectorApp,22,41,1,1,10,12,2,3,1,3
pokedex-api,com.example.crypto,FileStorage,3,17,0,0,2,6,0,2,0,2
pokedex-api,com.example.crypto,DatabaseManager,19,36,2,4,5,13,3,4,1,3
pokedex-api,com.example.crypto,Main,3,0,0,0,1,0,1,0,1,0
